<?xml version="1.0" encoding="UTF-8"?>
<!-- Generated by org.testng.reporters.JUnitReportReporter -->
<testsuite skipped="0" hostname="DESKTOP-DV996OT" name="MagentoTest" tests="1" failures="0" timestamp="22 Jan 2019 07:20:57 GMT" time="339.477" errors="0">
  <testcase name="magento" time="339.477" classname="MagentoTest"/>
</testsuite> <!-- MagentoTest -->
